<?xml version="1.0" encoding="UTF-8"?>
<testng-results ignored="0" total="1" passed="1" failed="0" skipped="0">
  <reporter-output>
  </reporter-output>
  <suite started-at="2021-08-03T16:31:25 IST" name="Default suite" finished-at="2021-08-03T16:31:28 IST" duration-ms="3120">
    <groups>
    </groups>
    <test started-at="2021-08-03T16:31:25 IST" name="Default test" finished-at="2021-08-03T16:31:28 IST" duration-ms="3120">
      <class name="restassuredTests.Demo_Post_Request">
        <test-method signature="postApiAutomation()[pri:0, instance:restassuredTests.Demo_Post_Request@2805d709]" started-at="2021-08-03T16:31:25 IST" name="postApiAutomation" finished-at="2021-08-03T16:31:28 IST" duration-ms="3073" status="PASS">
          <reporter-output>
          </reporter-output>
        </test-method> <!-- postApiAutomation -->
      </class> <!-- restassuredTests.Demo_Post_Request -->
    </test> <!-- Default test -->
  </suite> <!-- Default suite -->
</testng-results>
